#
# There is insufficient memory for the Java Runtime Environment to continue.
# Native memory allocation (mmap) failed to map 335544320 bytes for G1 virtual space
# Possible reasons:
#   The system is out of physical RAM or swap space
#   The process is running with CompressedOops enabled, and the Java Heap may be blocking the growth of the native heap
# Possible solutions:
#   Reduce memory load on the system
#   Increase physical memory or swap space
#   Check if swap backing store is full
#   Decrease Java heap size (-Xmx/-Xms)
#   Decrease number of Java threads
#   Decrease Java thread stack sizes (-Xss)
#   Set larger code cache with -XX:ReservedCodeCacheSize=
#   JVM is running with Zero Based Compressed Oops mode in which the Java heap is
#     placed in the first 32GB address space. The Java Heap base address is the
#     maximum limit for the native heap growth. Please use -XX:HeapBaseMinAddress
#     to set the Java Heap base and to place the Java Heap above 32GB virtual address.
# This output file may be truncated or incomplete.
#
#  Out of Memory Error (os_windows.cpp:3550), pid=9836, tid=22824
#
# JRE version:  (17.0.8+9) (build )
# Java VM: Java HotSpot(TM) 64-Bit Server VM (17.0.8+9-LTS-211, mixed mode, emulated-client, sharing, tiered, compressed oops, compressed class ptrs, g1 gc, windows-amd64)
# No core dump will be written. Minidumps are not enabled by default on client versions of Windows
#

---------------  S U M M A R Y ------------

Command Line: -XX:TieredStopAtLevel=1 -Dspring.output.ansi.enabled=always -Dcom.sun.management.jmxremote -Dspring.jmx.enabled=true -Dspring.liveBeansView.mbeanDomain -Dspring.application.admin.enabled=true -Dmanagement.endpoints.jmx.exposure.include=* -javaagent:C:\Program Files\JetBrains\IntelliJ IDEA 2023.2.2\lib\idea_rt.jar=6634:C:\Program Files\JetBrains\IntelliJ IDEA 2023.2.2\bin -Dfile.encoding=UTF-8 com.example.keywordcrawlingpush.KeywordCrawlingApplicationKt

Host: Intel(R) Core(TM) i5-7400 CPU @ 3.00GHz, 4 cores, 19G,  Windows 10 , 64 bit Build 19041 (10.0.19041.3636)
Time: Wed Jan 17 06:57:46 2024  Windows 10 , 64 bit Build 19041 (10.0.19041.3636) elapsed time: 0.034984 seconds (0d 0h 0m 0s)

---------------  T H R E A D  ---------------

Current thread (0x00000124fa956e10):  JavaThread "Unknown thread" [_thread_in_vm, id=22824, stack(0x000000227b100000,0x000000227b200000)]

Stack: [0x000000227b100000,0x000000227b200000]
Native frames: (J=compiled Java code, j=interpreted, Vv=VM code, C=native code)
V  [jvm.dll+0x677d0a]
V  [jvm.dll+0x7d8c54]
V  [jvm.dll+0x7da3fe]
V  [jvm.dll+0x7daa63]
V  [jvm.dll+0x245c5f]
V  [jvm.dll+0x674bb9]
V  [jvm.dll+0x6694f2]
V  [jvm.dll+0x3031d6]
V  [jvm.dll+0x30a756]
V  [jvm.dll+0x359f9e]
V  [jvm.dll+0x35a1cf]
V  [jvm.dll+0x2da3e8]
V  [jvm.dll+0x2db354]
V  [jvm.dll+0x7aa711]
V  [jvm.dll+0x367b51]
V  [jvm.dll+0x789979]
V  [jvm.dll+0x3eb05f]
V  [jvm.dll+0x3ecae1]
C  [jli.dll+0x5297]
C  [ucrtbase.dll+0x21bb2]
C  [KERNEL32.DLL+0x17344]
C  [ntdll.dll+0x526b1]


---------------  P R O C E S S  ---------------

Threads class SMR info:
_java_thread_list=0x00007ffb177b59d8, length=0, elements={
}

Java Threads: ( => current thread )

Other Threads:
  0x00000124fa9ced50 GCTaskThread "GC Thread#0" [stack: 0x000000227b200000,0x000000227b300000] [id=10260]
  0x00000124fa9dbb80 ConcurrentGCThread "G1 Main Marker" [stack: 0x000000227b300000,0x000000227b400000] [id=7056]
  0x00000124fa9dcc40 ConcurrentGCThread "G1 Conc#0" [stack: 0x000000227b400000,0x000000227b500000] [id=19560]

[error occurred during error reporting (printing all threads), id 0xc0000005, EXCEPTION_ACCESS_VIOLATION (0xc0000005) at pc=0x00007ffb16feb047]

VM state: not at safepoint (not fully initialized)

VM Mutex/Monitor currently owned by a thread:  ([mutex/lock_event])
[0x00000124fa954a60] Heap_lock - owner thread: 0x00000124fa956e10

Heap address: 0x00000006c0800000, size: 5112 MB, Compressed Oops mode: Zero based, Oop shift amount: 3

CDS archive(s) mapped at: [0x0000000000000000-0x0000000000000000-0x0000000000000000), size 0, SharedBaseAddress: 0x0000000800000000, ArchiveRelocationMode: 1.
Narrow klass base: 0x0000000000000000, Narrow klass shift: 0, Narrow klass range: 0x0

GC Precious Log:
<Empty>

Heap:
 garbage-first heap   total 0K, used 0K [0x00000006c0800000, 0x0000000800000000)
  region size 4096K, 0 young (0K), 0 survivors (0K)

[error occurred during error reporting (printing heap information), id 0xc0000005, EXCEPTION_ACCESS_VIOLATION (0xc0000005) at pc=0x00007ffb173d1499]

GC Heap History (0 events):
No events

Deoptimization events (0 events):
No events

Classes unloaded (0 events):
No events

Classes redefined (0 events):
No events

Internal exceptions (0 events):
No events

VM Operations (0 events):
No events

Events (1 events):
Event: 0.025 Loaded shared library C:\Program Files\Java\jdk-17\bin\java.dll


Dynamic libraries:
0x00007ff74cb40000 - 0x00007ff74cb50000 	C:\Program Files\Java\jdk-17\bin\java.exe
0x00007ffb64650000 - 0x00007ffb64848000 	C:\Windows\SYSTEM32\ntdll.dll
0x00007ffb631f0000 - 0x00007ffb632ad000 	C:\Windows\System32\KERNEL32.DLL
0x00007ffb61d20000 - 0x00007ffb62016000 	C:\Windows\System32\KERNELBASE.dll
0x00007ffb620c0000 - 0x00007ffb621c0000 	C:\Windows\System32\ucrtbase.dll
0x00007ffb46450000 - 0x00007ffb46469000 	C:\Program Files\Java\jdk-17\bin\jli.dll
0x00007ffb632b0000 - 0x00007ffb63363000 	C:\Windows\System32\ADVAPI32.dll
0x00007ffb63000000 - 0x00007ffb6309e000 	C:\Windows\System32\msvcrt.dll
0x00007ffb63c00000 - 0x00007ffb63c9f000 	C:\Windows\System32\sechost.dll
0x00007ffb62a30000 - 0x00007ffb62b56000 	C:\Windows\System32\RPCRT4.dll
0x00007ffb623c0000 - 0x00007ffb623e7000 	C:\Windows\System32\bcrypt.dll
0x00007ffb64410000 - 0x00007ffb645ae000 	C:\Windows\System32\USER32.dll
0x00007ffb62670000 - 0x00007ffb62692000 	C:\Windows\System32\win32u.dll
0x00007ffb63620000 - 0x00007ffb6364c000 	C:\Windows\System32\GDI32.dll
0x00007ffb623f0000 - 0x00007ffb6250a000 	C:\Windows\System32\gdi32full.dll
0x00007ffb62020000 - 0x00007ffb620bd000 	C:\Windows\System32\msvcp_win.dll
0x00007ffb57370000 - 0x00007ffb5738b000 	C:\Program Files\Java\jdk-17\bin\VCRUNTIME140.dll
0x00007ffb48440000 - 0x00007ffb486da000 	C:\Windows\WinSxS\amd64_microsoft.windows.common-controls_6595b64144ccf1df_6.0.19041.3636_none_60b6a03d71f818d5\COMCTL32.dll
0x00007ffb58140000 - 0x00007ffb5814a000 	C:\Windows\SYSTEM32\VERSION.dll
0x00007ffb630a0000 - 0x00007ffb630d0000 	C:\Windows\System32\IMM32.DLL
0x00007ffb587f0000 - 0x00007ffb587fc000 	C:\Program Files\Java\jdk-17\bin\vcruntime140_1.dll
0x00007ffb2a9e0000 - 0x00007ffb2aa6e000 	C:\Program Files\Java\jdk-17\bin\msvcp140.dll
0x00007ffb16d00000 - 0x00007ffb178de000 	C:\Program Files\Java\jdk-17\bin\server\jvm.dll
0x00007ffb62700000 - 0x00007ffb62708000 	C:\Windows\System32\PSAPI.DLL
0x00007ffb5d6d0000 - 0x00007ffb5d6d9000 	C:\Windows\SYSTEM32\WSOCK32.dll
0x00007ffb575d0000 - 0x00007ffb575f7000 	C:\Windows\SYSTEM32\WINMM.dll
0x00007ffb635b0000 - 0x00007ffb6361b000 	C:\Windows\System32\WS2_32.dll
0x00007ffb5fad0000 - 0x00007ffb5fae2000 	C:\Windows\SYSTEM32\kernel.appcore.dll
0x00007ffb573c0000 - 0x00007ffb573ca000 	C:\Program Files\Java\jdk-17\bin\jimage.dll
0x00007ffb557b0000 - 0x00007ffb55994000 	C:\Windows\SYSTEM32\DBGHELP.DLL
0x00007ffb44b40000 - 0x00007ffb44b74000 	C:\Windows\SYSTEM32\dbgcore.DLL
0x00007ffb62210000 - 0x00007ffb62292000 	C:\Windows\System32\bcryptPrimitives.dll
0x00007ffb5cb00000 - 0x00007ffb5cb0e000 	C:\Program Files\Java\jdk-17\bin\instrument.dll
0x00007ffb34c20000 - 0x00007ffb34c45000 	C:\Program Files\Java\jdk-17\bin\java.dll

dbghelp: loaded successfully - version: 4.0.5 - missing functions: none
symbol engine: initialized successfully - sym options: 0x614 - pdb path: .;C:\Program Files\Java\jdk-17\bin;C:\Windows\SYSTEM32;C:\Windows\WinSxS\amd64_microsoft.windows.common-controls_6595b64144ccf1df_6.0.19041.3636_none_60b6a03d71f818d5;C:\Program Files\Java\jdk-17\bin\server

VM Arguments:
jvm_args: -XX:TieredStopAtLevel=1 -Dspring.output.ansi.enabled=always -Dcom.sun.management.jmxremote -Dspring.jmx.enabled=true -Dspring.liveBeansView.mbeanDomain -Dspring.application.admin.enabled=true -Dmanagement.endpoints.jmx.exposure.include=* -javaagent:C:\Program Files\JetBrains\IntelliJ IDEA 2023.2.2\lib\idea_rt.jar=6634:C:\Program Files\JetBrains\IntelliJ IDEA 2023.2.2\bin -Dfile.encoding=UTF-8 
java_command: com.example.keywordcrawlingpush.KeywordCrawlingApplicationKt
java_class_path (initial): D:\Development\keyword-crawling\keyword-crawling-push\build\classes\kotlin\main;D:\Development\keyword-crawling\keyword-crawling-push\build\resources\main;C:\Users\wonsu\.gradle\caches\modules-2\files-2.1\com.squareup.okhttp3\okhttp\4.12.0\2f4525d4a200e97e1b87449c2cd9bd2e25b7e8cd\okhttp-4.12.0.jar;C:\Users\wonsu\.gradle\caches\modules-2\files-2.1\org.jetbrains.kotlin\kotlin-stdlib-jdk8\1.8.22\b25c86d47d6b962b9cf0f8c3f320c8a10eea3dd1\kotlin-stdlib-jdk8-1.8.22.jar;C:\Users\wonsu\.gradle\caches\modules-2\files-2.1\org.springframework.boot\spring-boot-devtools\3.1.5\e7725476fbcd154d7ee5d85446cac2e16db1d818\spring-boot-devtools-3.1.5.jar;C:\Users\wonsu\.gradle\caches\modules-2\files-2.1\org.springframework.boot\spring-boot-starter-data-jpa\3.1.5\5fdcfab1fe9d6dddf4352d71f5ed879eb1aa92c2\spring-boot-starter-data-jpa-3.1.5.jar;C:\Users\wonsu\.gradle\caches\modules-2\files-2.1\org.springframework.boot\spring-boot-starter-thymeleaf\3.1.5\3d5f1bff03e5e58b065ca230b7ee24b84bf7fe75\spring-boot-starter-thymeleaf-3.1.5.jar;C:\Users\wonsu\.gradle\caches\modules-2\files-2.1\org.springframework.boot\spring-boot-starter-web\3.1.5\3674e5603cc25bc4dccf73b97d50234332fc3d72\spring-boot-starter-web-3.1.5.jar;C:\Users\wonsu\.gradle\caches\modules-2\files-2.1\com.google.firebase\firebase-admin\9.2.0\92f5b2f4da778efcd82c9421a0eccae70b11030c\firebase-admin-9.2.0.jar;C:\Users\wonsu\.gradle\caches\modules-2\files-2.1\com.fasterxml.jackson.module\jackson-module-kotlin\2.15.3\36ea7813ada694e67f562ff1dc6f3b47883e373\jackson-module-kotlin-2.15.3.jar;C:\Users\wonsu\.gradle\caches\modules-2\files-2.1\org.jetbrains.kotlin\kotlin-reflect\1.8.22\b52be44bc57cb6fd2169a29aefa4507c4e49c858\kotlin-reflect-1.8.22.jar;C:\Users\wonsu\.gradle\caches\modules-2\files-2.1\org.springframework.boot\spring-boot-starter-security\3.1.5\5609ddc1b11034278ca1174bfef45d0bea96f060\spring-boot-starter-security-3.1.5.jar;C:\Users\wonsu\.gradle\caches\modules-2\files-2.1\io.jsonwebtoken\jjwt-api\0.11.
Launcher Type: SUN_STANDARD

[Global flags]
     intx CICompilerCount                          = 3                                         {product} {ergonomic}
     uint ConcGCThreads                            = 1                                         {product} {ergonomic}
     uint G1ConcRefinementThreads                  = 4                                         {product} {ergonomic}
   size_t G1HeapRegionSize                         = 4194304                                   {product} {ergonomic}
    uintx GCDrainStackTargetSize                   = 64                                        {product} {ergonomic}
   size_t InitialHeapSize                          = 335544320                                 {product} {ergonomic}
     bool ManagementServer                         = true                                      {product} {command line}
   size_t MarkStackSize                            = 4194304                                   {product} {ergonomic}
   size_t MaxHeapSize                              = 5360320512                                {product} {ergonomic}
   size_t MinHeapDeltaBytes                        = 4194304                                   {product} {ergonomic}
   size_t MinHeapSize                              = 8388608                                   {product} {ergonomic}
    uintx NonProfiledCodeHeapSize                  = 0                                      {pd product} {ergonomic}
     bool ProfileInterpreter                       = false                                  {pd product} {command line}
    uintx ProfiledCodeHeapSize                     = 0                                      {pd product} {ergonomic}
   size_t SoftMaxHeapSize                          = 5360320512                             {manageable} {ergonomic}
     intx TieredStopAtLevel                        = 1                                         {product} {command line}
     bool UseCompressedClassPointers               = true                           {product lp64_product} {ergonomic}
     bool UseCompressedOops                        = true                           {product lp64_product} {ergonomic}
     bool UseG1GC                                  = true                                      {product} {ergonomic}
     bool UseLargePagesIndividualAllocation        = false                                  {pd product} {ergonomic}

Logging:
Log output configuration:
 #0: stdout all=warning uptime,level,tags
 #1: stderr all=off uptime,level,tags

Environment Variables:
JAVA_HOME=C:\Program Files\Java\jdk-17
PATH=C:\Program Files\Common Files\Oracle\Java\javapath;C:\Program Files\Microsoft\jdk-11.0.16.101-hotspot\bin;C:\Program Files\NVIDIA GPU Computing Toolkit\CUDA\v11.1\bin;C:\Program Files\NVIDIA GPU Computing Toolkit\CUDA\v11.1\libnvvp;C:\Program Files\NVIDIA GPU Computing Toolkit\CUDA\v11.2\bin;C:\Program Files\NVIDIA GPU Computing Toolkit\CUDA\v11.2\libnvvp;C:\Program Files\Python310\Scripts\;C:\Program Files\Python310\;C:\Windows\system32;C:\Windows;C:\Windows\System32\Wbem;C:\Windows\System32\WindowsPowerShell\v1.0\;C:\Windows\System32\OpenSSH\;C:\Program Files\MySQL\MySQL Server 5.7\bin;D:\Program Files\Git\cmd;C:\Program Files\dotnet\;C:\Program Files (x86)\ePapyrus\PapyrusNtas;C:\Program Files (x86)\ePapyrus\PapyrusNtas\Addins;C:\WINDOWS\system32;C:\WINDOWS;C:\WINDOWS\System32\Wbem;C:\WINDOWS\System32\WindowsPowerShell\v1.0\;C:\WINDOWS\System32\OpenSSH\;C:\ProgramData\chocolatey\bin;C:\Program Files\OpenJDK\openjdk-8u302-b08\bin;D:\Android\sdk\platform-tools;D:\Program Files (x86)\PuTTY\;C:\Program Files\NVIDIA Corporation\Nsight Compute 2020.3.1\;C:\Program Files (x86)\NVIDIA Corporation\PhysX\Common;C:\Program Files\NVIDIA Corporation\NVIDIA NvDLISR;C:\Program Files\NVIDIA Corporation\Nsight Compute 2020.2.0\;C:\Program Files\Java\jdk-17\bin;D:\Program Files\nodejs\;C:\Program Files\Docker\Docker\resources\bin;C:\Program Files\MySQL\MySQL Server 8.0\bin;C:\Users\wonsu\anaconda3;C:\Users\wonsu\anaconda3\Library\mingw-w64\bin;C:\Users\wonsu\anaconda3\Library\usr\bin;C:\Users\wonsu\anaconda3\Library\bin;C:\Users\wonsu\anaconda3\Scripts;C:\Users\wonsu\AppData\Local\Microsoft\WindowsApps;C:\Program Files\Bandizip\;C:\Users\wonsu\AppData\Local\Programs\Microsoft VS Code\bin;C:\Users\wonsu\AppData\Local\Microsoft\WindowsApps;C:\Users\wonsu\Documents\flutter\bin;C:\Users\wonsu\AppData\Local\GitHubDesktop\bin;D:\Program Files\JetBrains\CLion 2021.3.3\bin;;C:\flutter\bin;C:\Users\wonsu\AppData\Roaming\Python\Python310;C:\Users\wonsu\AppData\Roaming\Python\Python310\Scr
USERNAME=WonSun
OS=Windows_NT
PROCESSOR_IDENTIFIER=Intel64 Family 6 Model 158 Stepping 9, GenuineIntel



---------------  S Y S T E M  ---------------

OS:
 Windows 10 , 64 bit Build 19041 (10.0.19041.3636)
OS uptime: 0 days 14:02 hours
Hyper-V role detected

CPU: total 4 (initial active 4) (4 cores per cpu, 1 threads per core) family 6 model 158 stepping 9 microcode 0xb4, cx8, cmov, fxsr, mmx, 3dnowpref, sse, sse2, sse3, ssse3, sse4.1, sse4.2, popcnt, lzcnt, tsc, tscinvbit, avx, avx2, aes, erms, clmul, bmi1, bmi2, adx, fma, vzeroupper, clflush, clflushopt, hv

Memory: 4k page, system-wide physical 20443M (3797M free)
TotalPageFile size 20443M (AvailPageFile size 38M)
current process WorkingSet (physical memory assigned to process): 11M, peak: 11M
current process commit charge ("private bytes"): 47M, peak: 367M

vm_info: Java HotSpot(TM) 64-Bit Server VM (17.0.8+9-LTS-211) for windows-amd64 JRE (17.0.8+9-LTS-211), built on Jun 14 2023 10:34:31 by "mach5one" with MS VC++ 17.1 (VS2022)

END.
